Flow report for Wk_3_7_segment_decoder
Tue Aug 15 13:42:16 2023
Quartus Prime Version 19.1.0 Build 670 09/22/2019 SJ Standard Edition


---------------------
; Table of Contents ;
---------------------
  1. Legal Notice
  2. Flow Summary
  3. Flow Settings
  4. Flow Non-Default Global Settings
  5. Flow Elapsed Time
  6. Flow OS Summary
  7. Flow Log
  8. Flow Messages
  9. Flow Suppressed Messages



----------------
; Legal Notice ;
----------------
Copyright (C) 2019  Intel Corporation. All rights reserved.
Your use of Intel Corporation's design tools, logic functions 
and other software and tools, and any partner logic 
functions, and any output files from any of the foregoing 
(including device programming or simulation files), and any 
associated documentation or information are expressly subject 
to the terms and conditions of the Intel Program License 
Subscription Agreement, the Intel Quartus Prime License Agreement,
the Intel FPGA IP License Agreement, or other applicable license
agreement, including, without limitation, that your use is for
the sole purpose of programming logic devices manufactured by
Intel and sold by Intel or its authorized distributors.  Please
refer to the applicable agreement for further details, at
https://fpgasoftware.intel.com/eula.



+--------------------------------------------------------------------------------------+
; Flow Summary                                                                         ;
+------------------------------------+-------------------------------------------------+
; Flow Status                        ; Successful - Tue Aug 15 13:42:12 2023           ;
; Quartus Prime Version              ; 19.1.0 Build 670 09/22/2019 SJ Standard Edition ;
; Revision Name                      ; Wk_3_7_segment_decoder                          ;
; Top-level Entity Name              ; Wk_3_7_segment_decoder                          ;
; Family                             ; MAX 10                                          ;
; Device                             ; 10M50DAF484C7G                                  ;
; Timing Models                      ; Final                                           ;
; Total logic elements               ; 8 / 49,760 ( < 1 % )                            ;
;     Total combinational functions  ; 8 / 49,760 ( < 1 % )                            ;
;     Dedicated logic registers      ; 0 / 49,760 ( 0 % )                              ;
; Total registers                    ; 0                                               ;
; Total pins                         ; 15 / 360 ( 4 % )                                ;
; Total virtual pins                 ; 0                                               ;
; Total memory bits                  ; 0 / 1,677,312 ( 0 % )                           ;
; Embedded Multiplier 9-bit elements ; 0 / 288 ( 0 % )                                 ;
; Total PLLs                         ; 0 / 4 ( 0 % )                                   ;
; UFM blocks                         ; 0 / 1 ( 0 % )                                   ;
; ADC blocks                         ; 0 / 2 ( 0 % )                                   ;
+------------------------------------+-------------------------------------------------+


+--------------------------------------------+
; Flow Settings                              ;
+-------------------+------------------------+
; Option            ; Setting                ;
+-------------------+------------------------+
; Start date & time ; 08/15/2023 13:41:52    ;
; Main task         ; Compilation            ;
; Revision Name     ; Wk_3_7_segment_decoder ;
+-------------------+------------------------+


+-------------------------------------------------------------------------------------------------------------------------+
; Flow Non-Default Global Settings                                                                                        ;
+-------------------------------------+----------------------------------------+---------------+-------------+------------+
; Assignment Name                     ; Value                                  ; Default Value ; Entity Name ; Section Id ;
+-------------------------------------+----------------------------------------+---------------+-------------+------------+
; COMPILER_SIGNATURE_ID               ; 181124905028415.169207811201196        ; --            ; --          ; --         ;
; MAX_CORE_JUNCTION_TEMP              ; 85                                     ; --            ; --          ; --         ;
; MIN_CORE_JUNCTION_TEMP              ; 0                                      ; --            ; --          ; --         ;
; PARTITION_COLOR                     ; -- (Not supported for targeted family) ; --            ; --          ; Top        ;
; PARTITION_FITTER_PRESERVATION_LEVEL ; -- (Not supported for targeted family) ; --            ; --          ; Top        ;
; PARTITION_NETLIST_TYPE              ; -- (Not supported for targeted family) ; --            ; --          ; Top        ;
; PROJECT_OUTPUT_DIRECTORY            ; output_files                           ; --            ; --          ; --         ;
+-------------------------------------+----------------------------------------+---------------+-------------+------------+


+--------------------------------------------------------------------------------------------------------------------------+
; Flow Elapsed Time                                                                                                        ;
+----------------------+--------------+-------------------------+---------------------+------------------------------------+
; Module Name          ; Elapsed Time ; Average Processors Used ; Peak Virtual Memory ; Total CPU Time (on all processors) ;
+----------------------+--------------+-------------------------+---------------------+------------------------------------+
; Analysis & Synthesis ; 00:00:09     ; 1.0                     ; 4798 MB             ; 00:00:18                           ;
; Fitter               ; 00:00:05     ; 1.0                     ; 5971 MB             ; 00:00:08                           ;
; Assembler            ; 00:00:03     ; 1.0                     ; 4695 MB             ; 00:00:03                           ;
; Timing Analyzer      ; 00:00:02     ; 1.0                     ; 4877 MB             ; 00:00:02                           ;
; Total                ; 00:00:19     ; --                      ; --                  ; 00:00:31                           ;
+----------------------+--------------+-------------------------+---------------------+------------------------------------+


+------------------------------------------------------------------------------------+
; Flow OS Summary                                                                    ;
+----------------------+------------------+------------+------------+----------------+
; Module Name          ; Machine Hostname ; OS Name    ; OS Version ; Processor type ;
+----------------------+------------------+------------+------------+----------------+
; Analysis & Synthesis ; DEP56153         ; Windows 10 ; 10.0       ; x86_64         ;
; Fitter               ; DEP56153         ; Windows 10 ; 10.0       ; x86_64         ;
; Assembler            ; DEP56153         ; Windows 10 ; 10.0       ; x86_64         ;
; Timing Analyzer      ; DEP56153         ; Windows 10 ; 10.0       ; x86_64         ;
+----------------------+------------------+------------+------------+----------------+


------------
; Flow Log ;
------------
quartus_map --read_settings_files=on --write_settings_files=off Wk_3_7_segment_decoder -c Wk_3_7_segment_decoder
quartus_fit --read_settings_files=off --write_settings_files=off Wk_3_7_segment_decoder -c Wk_3_7_segment_decoder
quartus_asm --read_settings_files=off --write_settings_files=off Wk_3_7_segment_decoder -c Wk_3_7_segment_decoder
quartus_sta Wk_3_7_segment_decoder -c Wk_3_7_segment_decoder



